2025-12-08 15:32:57,778 [      3]   INFO - #c.i.i.AppStarter - ------------------------------------------------------ IDE STARTED ------------------------------------------------------
2025-12-08 15:32:57,798 [     23]   INFO - #c.i.i.p.PluginManager - Plugin PluginDescriptor(name=Groovy, id=org.intellij.groovy, descriptorPath=plugin.xml, path=~/.gradle/caches/modules-2/files-2.1/com.jetbrains.intellij.idea/ideaIC/2023.2.6/89eb58d1c063c9fbd762e99bc8abdbbc82aa9917/ideaIC-2023.2.6/plugins/Groovy, version=232.10300.40, package=org.jetbrains.plugins.groovy, isBundled=true) misses optional descriptor duplicates-groovy.xml
2025-12-08 15:32:57,798 [     23]   INFO - #c.i.i.p.PluginManager - Plugin PluginDescriptor(name=Groovy, id=org.intellij.groovy, descriptorPath=plugin.xml, path=~/.gradle/caches/modules-2/files-2.1/com.jetbrains.intellij.idea/ideaIC/2023.2.6/89eb58d1c063c9fbd762e99bc8abdbbc82aa9917/ideaIC-2023.2.6/plugins/Groovy, version=232.10300.40, package=org.jetbrains.plugins.groovy, isBundled=true) misses optional descriptor duplicates-detection-groovy.xml
2025-12-08 15:32:57,799 [     24]   INFO - #c.i.u.EnvironmentUtil - loading shell env is skipped: IDE has been launched from a terminal (SHLVL=1)
2025-12-08 15:32:57,800 [     25]   INFO - #c.i.p.d.t.i.TelemetryManagerImpl - Initializing telemetry tracer com.intellij.platform.diagnostic.telemetry.impl.TelemetryManagerImpl
2025-12-08 15:32:57,811 [     36]   INFO - #c.i.p.d.t.CsvMetricsExporter - open-telemetry-metrics-plotter.html is not found in classpath
2025-12-08 15:32:57,811 [     36]   INFO - #c.i.i.AppStarter - JNA library (64-bit) loaded in 12 ms
2025-12-08 15:32:57,815 [     40]   INFO - #c.i.i.AppStarter - IDE: IntelliJ IDEA (build #IC-232.10300.40, 14 Feb 2024 20:48)
2025-12-08 15:32:57,815 [     40]   INFO - #c.i.i.AppStarter - OS: Mac OS X (26.1)
2025-12-08 15:32:57,815 [     40]   INFO - #c.i.i.AppStarter - JRE: 17.0.10+7-b1000.48, aarch64 (JetBrains s.r.o.)
2025-12-08 15:32:57,815 [     40]   INFO - #c.i.i.AppStarter - JVM: 17.0.10+7-b1000.48 (OpenJDK 64-Bit Server VM)
2025-12-08 15:32:57,817 [     42]   INFO - #c.i.i.AppStarter - PID: 87730
2025-12-08 15:32:57,818 [     43]   INFO - #c.i.i.AppStarter - JVM options: [-Daether.connector.resumeDownloads=false, -Dapple.awt.application.appearance=system, -Dapple.awt.fileDialogForDirectories=true, -Dapple.laf.useScreenMenuBar=true, -Didea.auto.reload.plugins=true, -Didea.classpath.index.enabled=false, -Didea.config.path=/Users/aswin-17517/Documents/IntelliJ Plugins/gitAssume/build/idea-sandbox/config, -Didea.is.internal=true, -Didea.log.path=/Users/aswin-17517/Documents/IntelliJ Plugins/gitAssume/build/idea-sandbox/system/log, -Didea.paths.selector=IdeaIC2023.2, -Didea.platform.prefix=Idea, -Didea.plugin.in.sandbox.mode=true, -Didea.plugins.path=/Users/aswin-17517/Documents/IntelliJ Plugins/gitAssume/build/idea-sandbox/plugins, -Didea.required.plugins.id=io.github.gitassume, -Didea.smooth.progress=false, -Didea.system.path=/Users/aswin-17517/Documents/IntelliJ Plugins/gitAssume/build/idea-sandbox/system, -Didea.vendor.name=JetBrains, -Djava.system.class.loader=com.intellij.util.lang.PathClassLoader, -Djbr.catch.SIGABRT=true, -Djdk.attach.allowAttachSelf=true, -Djdk.http.auth.tunneling.disabledSchemes="", -Djdk.module.illegalAccess.silent=true, -Djna.boot.library.path=/Users/aswin-17517/.gradle/caches/modules-2/files-2.1/com.jetbrains.intellij.idea/ideaIC/2023.2.6/89eb58d1c063c9fbd762e99bc8abdbbc82aa9917/ideaIC-2023.2.6/lib/jna/aarch64, -Djna.noclasspath=true, -Djna.nosys=true, -Dpty4j.preferred.native.folder=/Users/aswin-17517/.gradle/caches/modules-2/files-2.1/com.jetbrains.intellij.idea/ideaIC/2023.2.6/89eb58d1c063c9fbd762e99bc8abdbbc82aa9917/ideaIC-2023.2.6/lib/pty4j, -Dsplash=true, -Dsun.io.useCanonCaches=false, -Dsun.java2d.metal=true, -XX:ReservedCodeCacheSize=512m, -XX:+UseG1GC, -XX:SoftRefLRUPolicyMSPerMB=50, -XX:CICompilerCount=2, -XX:+HeapDumpOnOutOfMemoryError, -XX:-OmitStackTraceInFastThrow, -XX:+IgnoreUnrecognizedVMOptions, -XX:CompileCommand=exclude,com/intellij/openapi/vfs/impl/FilePartNodeRoot,trieDescend, -javaagent:/Users/aswin-17517/Documents/IntelliJ Plugins/gitAssume/build/tmp/initializeIntelliJPlugin/coroutines-javaagent.jar, --add-opens=java.base/java.io=ALL-UNNAMED, --add-opens=java.base/java.lang=ALL-UNNAMED, --add-opens=java.base/java.lang.ref=ALL-UNNAMED, --add-opens=java.base/java.lang.reflect=ALL-UNNAMED, --add-opens=java.base/java.net=ALL-UNNAMED, --add-opens=java.base/java.nio=ALL-UNNAMED, --add-opens=java.base/java.nio.charset=ALL-UNNAMED, --add-opens=java.base/java.text=ALL-UNNAMED, --add-opens=java.base/java.time=ALL-UNNAMED, --add-opens=java.base/java.util=ALL-UNNAMED, --add-opens=java.base/java.util.concurrent=ALL-UNNAMED, --add-opens=java.base/java.util.concurrent.atomic=ALL-UNNAMED, --add-opens=java.base/jdk.internal.vm=ALL-UNNAMED, --add-opens=java.base/sun.nio.ch=ALL-UNNAMED, --add-opens=java.base/sun.nio.fs=ALL-UNNAMED, --add-opens=java.base/sun.security.ssl=ALL-UNNAMED, --add-opens=java.base/sun.security.util=ALL-UNNAMED, --add-opens=java.base/sun.net.dns=ALL-UNNAMED, --add-opens=java.desktop/com.apple.eawt=ALL-UNNAMED, --add-opens=java.desktop/com.apple.eawt.event=ALL-UNNAMED, --add-opens=java.desktop/com.apple.laf=ALL-UNNAMED, --add-opens=java.desktop/java.awt=ALL-UNNAMED, --add-opens=java.desktop/java.awt.dnd.peer=ALL-UNNAMED, --add-opens=java.desktop/java.awt.event=ALL-UNNAMED, --add-opens=java.desktop/java.awt.image=ALL-UNNAMED, --add-opens=java.desktop/java.awt.peer=ALL-UNNAMED, --add-opens=java.desktop/java.awt.font=ALL-UNNAMED, --add-opens=java.desktop/javax.swing=ALL-UNNAMED, --add-opens=java.desktop/javax.swing.plaf.basic=ALL-UNNAMED, --add-opens=java.desktop/javax.swing.text.html=ALL-UNNAMED, --add-opens=java.desktop/sun.awt.datatransfer=ALL-UNNAMED, --add-opens=java.desktop/sun.awt.image=ALL-UNNAMED, --add-opens=java.desktop/sun.awt=ALL-UNNAMED, --add-opens=java.desktop/sun.font=ALL-UNNAMED, --add-opens=java.desktop/sun.java2d=ALL-UNNAMED, --add-opens=java.desktop/sun.lwawt=ALL-UNNAMED, --add-opens=java.desktop/sun.lwawt.macosx=ALL-UNNAMED, --add-opens=java.desktop/sun.swing=ALL-UNNAMED, --add-opens=java.desktop/com.sun.java.swing=ALL-UNNAMED, --add-opens=jdk.attach/sun.tools.attach=ALL-UNNAMED, --add-opens=jdk.compiler/com.sun.tools.javac.api=ALL-UNNAMED, --add-opens=jdk.internal.jvmstat/sun.jvmstat.monitor=ALL-UNNAMED, --add-opens=jdk.jdi/com.sun.tools.jdi=ALL-UNNAMED, -Xms128m, -Xmx2048m, -Dfile.encoding=UTF-8, -Duser.country=IN, -Duser.language=en, -Duser.variant, -ea]
2025-12-08 15:32:57,818 [     43]   INFO - #c.i.i.AppStarter - args: traverseUI /Users/aswin-17517/Documents/IntelliJ Plugins/gitAssume/build/searchableOptions true
2025-12-08 15:32:57,818 [     43]   INFO - #c.i.i.AppStarter - library path: /Users/aswin-17517/Library/Java/Extensions:/Library/Java/Extensions:/Network/Library/Java/Extensions:/System/Library/Java/Extensions:/usr/lib/java:.
2025-12-08 15:32:57,818 [     43]   INFO - #c.i.i.AppStarter - boot library path: /Users/aswin-17517/.gradle/caches/modules-2/files-2.1/com.jetbrains/jbre/jbr_jcef-17.0.10-osx-aarch64-b1000.48/extracted/jbr_jcef-17.0.10-osx-aarch64-b1000.48/Contents/Home/lib
2025-12-08 15:32:57,824 [     49]   INFO - #c.i.i.AppStarter - locale=en_IN JNU=UTF-8 file.encoding=UTF-8
    idea.config.path=/Users/aswin-17517/Documents/IntelliJ Plugins/gitAssume/build/idea-sandbox/config
    idea.system.path=/Users/aswin-17517/Documents/IntelliJ Plugins/gitAssume/build/idea-sandbox/system
    idea.plugins.path=/Users/aswin-17517/Documents/IntelliJ Plugins/gitAssume/build/idea-sandbox/plugins
    idea.log.path=/Users/aswin-17517/Documents/IntelliJ Plugins/gitAssume/build/idea-sandbox/system/log
2025-12-08 15:32:57,826 [     51]   INFO - #c.i.i.AppStarter - CPU cores: 12; ForkJoinPool.commonPool: java.util.concurrent.ForkJoinPool@947400c[Running, parallelism = 12, size = 0, active = 0, running = 0, steals = 0, tasks = 0, submissions = 0]; factory: com.intellij.concurrency.IdeaForkJoinWorkerThreadFactory@140d65f4
2025-12-08 15:32:57,839 [     64]   INFO - #c.i.i.p.PluginManager - Module intellij.sh.python is not enabled because dependency com.intellij.modules.python is not available
Module intellij.space.gateway is not enabled because dependency com.jetbrains.gateway is not available
Module intellij.space.php is not enabled because dependency com.jetbrains.php is not available
Module intellij.space.index is not enabled because dependency intellij.indexing.shared is not available
Module intellij.qodana.jvm.swagger is not enabled because dependency com.intellij.swagger is not available
Module intellij.qodana.php is not enabled because dependency com.jetbrains.php is not available
Module intellij.qodana.js is not enabled because dependency JavaScript is not available
2025-12-08 15:32:57,845 [     70]   INFO - #c.i.i.p.PluginManager - Loaded bundled plugins: Code Coverage for Java (232.10300.40), Android (2022.3.1 Final.232.10300.40), Space (232.10300.40), EditorConfig (232.10300.40), Gradle DSL API (232.10300.40), Async Profiler for IDE Performance Testing (232.10300.40), Gradle Dependency Updater Implementation (232.10300.40), Code With Me (232.10300.40), JetBrains maven model api classes (232.10300.40), Package Checker (232.10300.40), IntelliLang (232.10300.40), Settings Sync (232.10300.40), Shell Script (232.10300.40), YAML (232.10300.40), Git (232.10300.40), UI Designer (232.10300.40), Eclipse Keymap (232.10300.40), GitLab (232.10300.40), Terminal (232.10300.40), Gradle (232.10300.40), XPathView + XSLT (232.10300.40), GitHub (232.10300.40), Maven (232.10300.40), Bytecode Viewer (232.10300.40), Java Bytecode Decompiler (232.10300.40), Properties (232.10300.40), HTML Tools (232.10300.40), Eclipse Interoperability (232.10300.40), Java Stream Debugger (232.10300.40), Perforce Helix Core (232.10300.40), Markdown (232.10300.40), JUnit (232.10300.40), Machine Learning in Search Everywhere (232.10300.40), Shared Indexes (232.10300.40), WebP Support (232.10300.40), Emoji Picker (232.10300.40), Projector Libraries for Code With Me and Remote Development (232.10300.40), Toml (232.10300.40), Images (232.10300.40), Qodana (232.10300.40), Visual Studio Keymap (232.10300.40), Mercurial (232.10300.40), Java Internationalization (232.10300.40), Performance Testing (232.10300.40), JetBrains Repository Search (232.10300.40), JetBrains Marketplace Licensing (232.10300.40), Kotlin (232-1.9.0-IJ10300.40), Gradle-Java-Analysis (232.10300.40), Subversion (232.10300.40), Maven server api classes (232.10300.40), Grazie Lite (232.10300.40), Ant (232.10300.40), Java IDE Customization (232.10300.40), Java (232.10300.40), Machine Learning Code Completion (232.10300.40), Plugin DevKit (232.10300.40), TextMate Bundles (232.10300.40), Gradle-Maven (232.10300.40), Gradle-Java (232.10300.40), TestNG (232.10300.40), Groovy (232.10300.40), com.intellij.dev (232.10300.40), NetBeans Keymap (232.10300.40), Android Design Tools (232.10300.40), IDEA CORE (232.10300.40), Task Management (232.10300.40), Configuration Script (232.10300.40), IDE Features Trainer (232.10300.40), Copyright (232.10300.40), JavaFX (232.10300.40), com.intellij.tracing.ide (232.10300.40)
2025-12-08 15:32:57,845 [     70]   INFO - #c.i.i.p.PluginManager - Loaded custom plugins: Git Assume Unchanged (1.1.0)
2025-12-08 15:32:57,947 [    172]   INFO - #c.i.a.o.PathMacrosImpl - Loaded path macros: {MAVEN_REPOSITORY=/Users/aswin-17517/.m2/repository}
2025-12-08 15:32:57,955 [    180]   INFO - #c.i.i.p.ExpiredPluginsState - Plugins to skip: []
2025-12-08 15:32:57,973 [    198]   INFO - #c.i.u.i.PageCacheUtils - File page caching params:
2025-12-08 15:32:57,974 [    199]   INFO - #c.i.u.i.PageCacheUtils - 	DEFAULT_PAGE_SIZE:10485760
2025-12-08 15:32:57,974 [    199]   INFO - #c.i.u.i.PageCacheUtils - 	FilePageCache: regular
2025-12-08 15:32:57,974 [    199]   INFO - #c.i.u.i.PageCacheUtils - 	DirectByteBuffers pool: 104857600 bytes
2025-12-08 15:32:57,984 [    209]   INFO - #c.i.o.v.n.p.PersistentFSConnector - VFS uses strict names enumerator
2025-12-08 15:32:57,990 [    215]   INFO - #c.i.o.v.n.p.PersistentFSConnector - VFS uses new (streamlined) attributes storage
2025-12-08 15:32:57,999 [    224]   INFO - #c.i.o.v.n.p.FSRecords - using OVER_MMAPPED_FILE storage for VFS records
2025-12-08 15:32:58,006 [    231]   INFO - #c.i.o.v.n.p.PersistentFSConnector - VFS: impl (expected) version=576319, 0 file records, 0 content blobs
2025-12-08 15:32:58,009 [    234]   INFO - #c.i.o.v.n.p.PersistentFSConnector - 0 ms to self-checks, load free records and inverted name index
2025-12-08 15:32:58,016 [    241]   INFO - #o.j.i.BuiltInServerManager - built-in server started, port 63343
2025-12-08 15:32:58,031 [    256]   INFO - #c.i.u.n.s.CertificateManager - Default SSL context initialized
2025-12-08 15:32:58,037 [    262]   INFO - #c.i.o.v.i.l.NativeFileWatcherImpl - Native file watcher is disabled
2025-12-08 15:32:58,058 [    283]   INFO - #com.android.tools.idea.serverflags.ServerFlagInitializer - Enabled server flags: 
2025-12-08 15:32:58,151 [    376]   INFO - #c.i.o.v.n.p.FSRecords - VFS health-check disabled
2025-12-08 15:32:58,183 [    408]   INFO - #c.j.r.p.c.p.w.s.WireStorage - Start Wire Storage check: Check Wire Buffer Size
2025-12-08 15:32:58,218 [    443]   INFO - #c.i.o.a.Experiments - Experimental features enabled for user: wsl.p9.support, wsl.prefer.p9.support, wsl.p9.show.roots.in.file.chooser, wsl.execute.with.wsl.exe, linux.native.menu, recent.and.edited.files.together, show.create.new.element.in.popup, search.everywhere.mixed.results, new.project.wizard, editor.reader.mode, new.large.text.file.viewer, terminal.shell.command.handling
2025-12-08 15:32:58,273 [    498]   INFO - #c.i.i.s.p.i.SharedIndexMainZipStorage - Shared Indexes Storage is opened and empty
2025-12-08 15:32:58,578 [    803]   INFO - #c.i.u.i.FileBasedIndexImpl - Indices to be built:java.binary.plus.expression(v = 4),org.jetbrains.kotlin.idea.vfilefinder.KotlinJavaScriptMetaFileIndex(v = 4),org.jetbrains.kotlin.idea.vfilefinder.KlibMetaFileIndex(v = 4),XmlNamespaces(v = 8),BindingXmlIndex(v = 10),JavaFxControllerClassIndex(v = 1),HtmlTagIdIndex(v = 3),FilenameIndex(v = 258),org.jetbrains.kotlin.idea.vfilefinder.KotlinStdlibIndex(v = 1),Trigram.Index(v = 4),devkit.ExtensionPointIndex(v = 0),XsltSymbolIndex(v = 0),DomFileIndex(v = 0),org.jetbrains.kotlin.idea.vfilefinder.KotlinModuleMappingIndex(v = 5),XmlTagNames(v = 1),org.jetbrains.kotlin.idea.base.indices.names.KotlinTopLevelClassLikeDeclarationByPackageShortNameIndex(v = 2),javafx.id.name(v = 3),SchemaTypeInheritance(v = 2),NavXmlIndex(v = 10),editorconfig.index.name(v = 5),Stubs(v = 46),fileIncludes(v = 6),org.jetbrains.kotlin.idea.versions.KotlinJsMetadataVersionIndex(v = 3),FrameworkDetectionIndex(v = 65536),IdIndex(v = 22),bytecodeAnalysis(v = 11),org.jetbrains.kotlin.idea.vfilefinder.KotlinJvmModuleAnnotationsIndex(v = 1),javafx.custom.component(v = 2),com.android.tools.idea.model.AndroidManifestIndex(v = 10),org.jetbrains.kotlin.idea.versions.KotlinJvmMetadataVersionIndex(v = 5),org.jetbrains.kotlin.idea.vfilefinder.KotlinPartialPackageNamesIndex(v = 4),org.jetbrains.kotlin.idea.vfilefinder.KotlinBuiltInsMetadataIndex(v = 4),IdeaPluginRegistrationIndex(v = 8),filetypes(v = 4096),yaml.keys.name(v = 1),com.intellij.uiDesigner.FormClassIndex(v = 0),xmlProperties(v = 2),java.source.module.name(v = 4),TodoIndex(v = 13),PluginIdDependenciesIndex(v = 5),html5.custom.attributes.index(v = 1),java.fun.expression(v = 6),org.jetbrains.kotlin.idea.vfilefinder.KotlinPackageSourcesMemberNamesIndex(v = 2),PluginIdModuleIndex(v = 2),ant-imports(v = 5),org.jetbrains.kotlin.idea.vfilefinder.KotlinMetadataFileIndex(v = 2),org.jetbrains.kotlin.idea.vfilefinder.KotlinClassFileIndex(v = 3),RelaxSymbolIndex(v = 0),json.file.root.values(v = 5),java.null.method.argument(v = 1),org.jetbrains.kotlin.idea.vfilefinder.KotlinShortClassNameFileIndex(v = 3),org.jetbrains.kotlin.idea.base.indices.names.KotlinTopLevelCallableByPackageShortNameIndex(v = 2),devkit.ExtensionPointClassIndex(v = 1),org.jetbrains.kotlin.idea.vfilefinder.KotlinMetadataFilePackageIndex(v = 2),java.auto.module.name(v = 6)
2025-12-08 15:32:58,579 [    804]   INFO - #c.i.u.i.FileBasedIndexImpl - Using nice flusher for indexes
2025-12-08 15:32:58,582 [    807]   INFO - #c.i.u.i.IndexDataInitializer - Index data initialization done: 426 ms. Initialized indexes: [filetypes, FilenameIndex, SchemaTypeInheritance, DomFileIndex, XmlNamespaces, html5.custom.attributes.index, XmlTagNames, Trigram.Index, RelaxSymbolIndex, IdIndex, TodoIndex, fileIncludes, FrameworkDetectionIndex, json.file.root.values, java.auto.module.name, yaml.keys.name, java.source.module.name, editorconfig.index.name, java.binary.plus.expression, xmlProperties, HtmlTagIdIndex, bytecodeAnalysis, XsltSymbolIndex, IdeaPluginRegistrationIndex, java.fun.expression, java.null.method.argument, PluginIdModuleIndex, PluginIdDependenciesIndex, JavaFxControllerClassIndex, devkit.ExtensionPointClassIndex, org.jetbrains.kotlin.idea.versions.KotlinJsMetadataVersionIndex, javafx.id.name, devkit.ExtensionPointIndex, javafx.custom.component, org.jetbrains.kotlin.idea.versions.KotlinJvmMetadataVersionIndex, org.jetbrains.kotlin.idea.vfilefinder.KotlinPartialPackageNamesIndex, ant-imports, org.jetbrains.kotlin.idea.vfilefinder.KotlinMetadataFilePackageIndex, org.jetbrains.kotlin.idea.vfilefinder.KotlinMetadataFileIndex, org.jetbrains.kotlin.idea.vfilefinder.KotlinClassFileIndex, org.jetbrains.kotlin.idea.vfilefinder.KotlinJavaScriptMetaFileIndex, org.jetbrains.kotlin.idea.vfilefinder.KotlinModuleMappingIndex, org.jetbrains.kotlin.idea.vfilefinder.KotlinPackageSourcesMemberNamesIndex, org.jetbrains.kotlin.idea.vfilefinder.KotlinStdlibIndex, org.jetbrains.kotlin.idea.vfilefinder.KotlinJvmModuleAnnotationsIndex, org.jetbrains.kotlin.idea.vfilefinder.KotlinShortClassNameFileIndex, com.android.tools.idea.model.AndroidManifestIndex, com.intellij.uiDesigner.FormClassIndex, org.jetbrains.kotlin.idea.vfilefinder.KlibMetaFileIndex, org.jetbrains.kotlin.idea.vfilefinder.KotlinBuiltInsMetadataIndex, org.jetbrains.kotlin.idea.base.indices.names.KotlinTopLevelCallableByPackageShortNameIndex, BindingXmlIndex, org.jetbrains.kotlin.idea.base.indices.names.KotlinTopLevelClassLikeDeclarationByPackageShortNameIndex, NavXmlIndex, Stubs].
2025-12-08 15:32:58,837 [   1062]   INFO - #c.i.p.s.StubIndexImpl - Following stub indices will be built:org.jetbrains.kotlin.idea.stubindex.KotlinTopLevelTypeAliasFqNameIndex(v = 2),org.jetbrains.kotlin.idea.stubindex.KotlinFileFacadeFqNameIndex(v = 2),org.jetbrains.kotlin.idea.stubindex.KotlinTopLevelExtensionsByReceiverTypeIndex(v = 3),org.jetbrains.kotlin.idea.stubindex.KotlinOverridableInternalMembersShortNameIndex(v = 2),jvm.static.member.name(v = 2),org.jetbrains.kotlin.idea.stubindex.KotlinExactPackagesIndex(v = 2),gr.field.name(v = 5),jvm.static.member.type(v = 2),java.module.name(v = 4),gr.method.name(v = 5),dom.namespaceKey(v = 1),org.jetbrains.kotlin.idea.stubindex.KotlinProbablyNothingFunctionShortNameIndex(v = 2),org.jetbrains.kotlin.idea.stubindex.KotlinScriptFqnIndex(v = 2),org.jetbrains.kotlin.idea.stubindex.KotlinSubclassObjectNameIndex(v = 2),org.jetbrains.kotlin.idea.stubindex.KotlinSuperClassIndex(v = 2),org.jetbrains.kotlin.idea.stubindex.KotlinProbablyContractedFunctionShortNameIndex(v = 2),java.class.fqn(v = 1),org.jetbrains.kotlin.idea.stubindex.KotlinTypeAliasShortNameIndex(v = 2),gr.annot.members(v = 5),gr.script.fqn.s(v = 5),dom.elementClass(v = 0),kotlin.primeIndexKey(v = 2),org.jetbrains.kotlin.idea.stubindex.KotlinProbablyNothingPropertyShortNameIndex(v = 2),gr.annot.method.name(v = 5),gr.class.super(v = 5),gr.script.class(v = 5),org.jetbrains.kotlin.idea.stubindex.KotlinTopLevelPropertyFqnNameIndex(v = 2),org.jetbrains.kotlin.idea.stubindex.KotlinFileFacadeShortNameIndex(v = 2),gr.script.fqn(v = 5),org.jetbrains.kotlin.idea.stubindex.KotlinExtensionsInObjectsByReceiverTypeIndex(v = 2),java.method.name(v = 2),org.jetbrains.kotlin.idea.stubindex.KotlinTopLevelTypeAliasByPackageIndex(v = 2),org.jetbrains.kotlin.idea.stubindex.KotlinPropertyShortNameIndex(v = 2),org.jetbrains.kotlin.idea.stubindex.KotlinInnerTypeAliasClassIdIndex(v = 2),org.jetbrains.kotlin.idea.stubindex.KotlinAnnotationsIndex(v = 3),java.field.name(v = 2),gr.anonymous.class(v = 6),org.jetbrains.kotlin.idea.stubindex.KotlinTopLevelPropertyByPackageIndex(v = 2),markdown.header.anchor(v = 2),java.anonymous.baseref(v = 2),org.jetbrains.kotlin.idea.stubindex.KotlinTopLevelClassByPackageIndex(v = 2),org.jetbrains.kotlin.idea.stubindex.KotlinFileFacadeClassByPackageIndex(v = 2),java.annotations(v = 2),gr.class.fqn(v = 4),org.jetbrains.kotlin.idea.stubindex.KotlinMultifileClassPartIndex(v = 2),org.jetbrains.kotlin.idea.stubindex.KotlinTopLevelFunctionFqnNameIndex(v = 2),java.method.parameter.types(v = 3),org.jetbrains.kotlin.idea.stubindex.KotlinTypeAliasByExpansionShortNameIndex(v = 2),org.jetbrains.kotlin.idea.stubindex.KotlinClassShortNameIndex(v = 2),org.jetbrains.kotlin.idea.stubindex.KotlinFilePartClassIndex(v = 2),org.jetbrains.kotlin.idea.stubindex.KotlinFunctionShortNameIndex(v = 2),org.jetbrains.kotlin.idea.stubindex.KotlinTopLevelFunctionByPackageIndex(v = 2),markdown.header(v = 2),org.jetbrains.kotlin.idea.stubindex.KotlinFullClassNameIndex(v = 2),java.class.extlist(v = 3),gr.class.fqn.s(v = 5),properties.index(v = 2),org.jetbrains.kotlin.idea.stubindex.KotlinJvmNameAnnotationIndex(v = 2),java.class.shortname(v = 4)
2025-12-08 15:32:58,838 [   1063]   INFO - #c.i.u.i.IndexDataInitializer - Index data initialization done: 255 ms. Initialized stub indexes: {markdown.header.anchor, org.jetbrains.kotlin.idea.stubindex.KotlinFileFacadeClassByPackageIndex, java.anonymous.baseref, org.jetbrains.kotlin.idea.stubindex.KotlinExactPackagesIndex, properties.index, org.jetbrains.kotlin.idea.stubindex.KotlinMultifileClassPartIndex, gr.annot.method.name, gr.field.name, java.module.name, markdown.header, org.jetbrains.kotlin.idea.stubindex.KotlinTopLevelTypeAliasByPackageIndex, org.jetbrains.kotlin.idea.stubindex.KotlinProbablyContractedFunctionShortNameIndex, java.method.name, org.jetbrains.kotlin.idea.stubindex.KotlinTopLevelPropertyFqnNameIndex, java.class.shortname, org.jetbrains.kotlin.idea.stubindex.KotlinClassShortNameIndex, org.jetbrains.kotlin.idea.stubindex.KotlinFilePartClassIndex, org.jetbrains.kotlin.idea.stubindex.KotlinTopLevelFunctionFqnNameIndex, org.jetbrains.kotlin.idea.stubindex.KotlinTopLevelTypeAliasFqNameIndex, gr.script.fqn.s, org.jetbrains.kotlin.idea.stubindex.KotlinTopLevelPropertyByPackageIndex, org.jetbrains.kotlin.idea.stubindex.KotlinExtensionsInObjectsByReceiverTypeIndex, gr.script.fqn, gr.annot.members, org.jetbrains.kotlin.idea.stubindex.KotlinFileFacadeShortNameIndex, org.jetbrains.kotlin.idea.stubindex.KotlinPropertyShortNameIndex, gr.class.super, gr.class.fqn.s, org.jetbrains.kotlin.idea.stubindex.KotlinSubclassObjectNameIndex, org.jetbrains.kotlin.idea.stubindex.KotlinFileFacadeFqNameIndex, kotlin.primeIndexKey, java.annotations, java.class.extlist, org.jetbrains.kotlin.idea.stubindex.KotlinOverridableInternalMembersShortNameIndex, java.method.parameter.types, gr.class.fqn, gr.method.name, gr.script.class, org.jetbrains.kotlin.idea.stubindex.KotlinScriptFqnIndex, org.jetbrains.kotlin.idea.stubindex.KotlinFunctionShortNameIndex, java.field.name, org.jetbrains.kotlin.idea.stubindex.KotlinSuperClassIndex, java.class.fqn, dom.elementClass, org.jetbrains.kotlin.idea.stubindex.KotlinTypeAliasByExpansionShortNameIndex, org.jetbrains.kotlin.idea.stubindex.KotlinTopLevelClassByPackageIndex, jvm.static.member.name, org.jetbrains.kotlin.idea.stubindex.KotlinTopLevelExtensionsByReceiverTypeIndex, org.jetbrains.kotlin.idea.stubindex.KotlinTopLevelFunctionByPackageIndex, org.jetbrains.kotlin.idea.stubindex.KotlinFullClassNameIndex, gr.anonymous.class, org.jetbrains.kotlin.idea.stubindex.KotlinTypeAliasShortNameIndex, org.jetbrains.kotlin.idea.stubindex.KotlinJvmNameAnnotationIndex, dom.namespaceKey, jvm.static.member.type, org.jetbrains.kotlin.idea.stubindex.KotlinProbablyNothingFunctionShortNameIndex, org.jetbrains.kotlin.idea.stubindex.KotlinAnnotationsIndex, org.jetbrains.kotlin.idea.stubindex.KotlinProbablyNothingPropertyShortNameIndex, org.jetbrains.kotlin.idea.stubindex.KotlinInnerTypeAliasClassIdIndex}.
2025-12-08 15:32:59,228 [   1453]   INFO - #JetprofileSource - No valid license found
2025-12-08 15:32:59,228 [   1453]   INFO - #JetprofileSource - No valid license found
2025-12-08 15:32:59,231 [   1456] SEVERE - #c.i.o.a.i.CoroutineExceptionHandlerImpl - Unhandled exception in [CoroutineId(115), "coroutine#115":StandaloneCoroutine{Cancelling}@13e255ad, Dispatchers.Default]
java.util.ConcurrentModificationException
	at java.base/java.util.ArrayList$Itr.checkForComodification(ArrayList.java:1013)
	at java.base/java.util.ArrayList$Itr.next(ArrayList.java:967)
	at java.base/jdk.internal.reflect.GeneratedMethodAccessor11.invoke(Unknown Source)
	at java.base/jdk.internal.reflect.DelegatingMethodAccessorImpl.invoke(DelegatingMethodAccessorImpl.java:43)
	at java.base/java.lang.reflect.Method.invoke(Method.java:568)
	at com.h.Z.h.L.Z2.h(Z2.java:188)
	at com.h.Z.h.L.Z2.h(Z2.java:132)
	at java.base/jdk.internal.reflect.NativeMethodAccessorImpl.invoke0(Native Method)
	at java.base/jdk.internal.reflect.NativeMethodAccessorImpl.invoke(NativeMethodAccessorImpl.java:77)
	at java.base/jdk.internal.reflect.DelegatingMethodAccessorImpl.invoke(DelegatingMethodAccessorImpl.java:43)
	at java.base/java.lang.reflect.Method.invoke(Method.java:568)
	at com.h.Z.h.L.Z1.invokeSuspend(Z1.java:16)
	at kotlin.coroutines.jvm.internal.BaseContinuationImpl.resumeWith(ContinuationImpl.kt:33)
	at kotlinx.coroutines.DispatchedTask.run(DispatchedTask.kt:106)
	at kotlinx.coroutines.scheduling.CoroutineScheduler.runSafely(CoroutineScheduler.kt:584)
	at kotlinx.coroutines.scheduling.CoroutineScheduler$Worker.executeTask(CoroutineScheduler.kt:793)
	at kotlinx.coroutines.scheduling.CoroutineScheduler$Worker.runWorker(CoroutineScheduler.kt:697)
	at kotlinx.coroutines.scheduling.CoroutineScheduler$Worker.run(CoroutineScheduler.kt:684)
2025-12-08 15:32:59,232 [   1457] SEVERE - #c.i.o.a.i.CoroutineExceptionHandlerImpl - IntelliJ IDEA 2023.2.6  Build #IC-232.10300.40
2025-12-08 15:32:59,232 [   1457] SEVERE - #c.i.o.a.i.CoroutineExceptionHandlerImpl - JDK: 17.0.10; VM: OpenJDK 64-Bit Server VM; Vendor: JetBrains s.r.o.
2025-12-08 15:32:59,232 [   1457] SEVERE - #c.i.o.a.i.CoroutineExceptionHandlerImpl - OS: Mac OS X
2025-12-08 15:32:59,241 [   1466]   INFO - STDERR - Exception in thread "DefaultDispatcher-worker-10 @coroutine#115" java.util.ConcurrentModificationException
2025-12-08 15:32:59,241 [   1466]   INFO - STDERR - 	at java.base/java.util.ArrayList$Itr.checkForComodification(ArrayList.java:1013)
2025-12-08 15:32:59,241 [   1466]   INFO - STDERR - 	at java.base/java.util.ArrayList$Itr.next(ArrayList.java:967)
2025-12-08 15:32:59,242 [   1467]   INFO - STDERR - 	at java.base/jdk.internal.reflect.GeneratedMethodAccessor11.invoke(Unknown Source)
2025-12-08 15:32:59,242 [   1467]   INFO - STDERR - 	at java.base/jdk.internal.reflect.DelegatingMethodAccessorImpl.invoke(DelegatingMethodAccessorImpl.java:43)
2025-12-08 15:32:59,242 [   1467]   INFO - STDERR - 	at java.base/java.lang.reflect.Method.invoke(Method.java:568)
2025-12-08 15:32:59,242 [   1467]   INFO - STDERR - 	at com.h.Z.h.L.Z2.h(Z2.java:188)
2025-12-08 15:32:59,242 [   1467]   INFO - STDERR - 	at com.h.Z.h.L.Z2.h(Z2.java:132)
2025-12-08 15:32:59,242 [   1467]   INFO - STDERR - 	at java.base/jdk.internal.reflect.NativeMethodAccessorImpl.invoke0(Native Method)
2025-12-08 15:32:59,242 [   1467]   INFO - STDERR - 	at java.base/jdk.internal.reflect.NativeMethodAccessorImpl.invoke(NativeMethodAccessorImpl.java:77)
2025-12-08 15:32:59,242 [   1467]   INFO - STDERR - 	at java.base/jdk.internal.reflect.DelegatingMethodAccessorImpl.invoke(DelegatingMethodAccessorImpl.java:43)
2025-12-08 15:32:59,242 [   1467]   INFO - STDERR - 	at java.base/java.lang.reflect.Method.invoke(Method.java:568)
2025-12-08 15:32:59,242 [   1467]   INFO - STDERR - 	at com.h.Z.h.L.Z1.invokeSuspend(Z1.java:16)
2025-12-08 15:32:59,242 [   1467]   INFO - STDERR - 	at kotlin.coroutines.jvm.internal.BaseContinuationImpl.resumeWith(ContinuationImpl.kt:33)
2025-12-08 15:32:59,242 [   1467]   INFO - STDERR - 	at kotlinx.coroutines.DispatchedTask.run(DispatchedTask.kt:106)
2025-12-08 15:32:59,242 [   1467]   INFO - STDERR - 	at kotlinx.coroutines.scheduling.CoroutineScheduler.runSafely(CoroutineScheduler.kt:584)
2025-12-08 15:32:59,242 [   1467]   INFO - STDERR - 	at kotlinx.coroutines.scheduling.CoroutineScheduler$Worker.executeTask(CoroutineScheduler.kt:793)
2025-12-08 15:32:59,242 [   1467]   INFO - STDERR - 	at kotlinx.coroutines.scheduling.CoroutineScheduler$Worker.runWorker(CoroutineScheduler.kt:697)
2025-12-08 15:32:59,242 [   1467]   INFO - STDERR - 	at kotlinx.coroutines.scheduling.CoroutineScheduler$Worker.run(CoroutineScheduler.kt:684)
2025-12-08 15:32:59,242 [   1467]   INFO - STDERR - 	Suppressed: kotlinx.coroutines.internal.DiagnosticCoroutineContextException: [CoroutineId(115), "coroutine#115":StandaloneCoroutine{Cancelling}@13e255ad, Dispatchers.Default]
2025-12-08 15:32:59,585 [   1810]   INFO - #c.i.i.p.n.PluginsGroupComponentWithProgress - Marketplace tab: loading stopped
2025-12-08 15:32:59,615 [   1840]   INFO - #c.i.i.p.PluginManagerConfigurable - Marketplace tab: 'Featured' group load started
2025-12-08 15:32:59,895 [   2120]   INFO - #c.i.i.p.PluginManagerConfigurable - Marketplace tab: 'Featured' group load finished
2025-12-08 15:32:59,895 [   2120]   INFO - #c.i.i.p.PluginManagerConfigurable - Marketplace tab: 'New and Updated' group load started
2025-12-08 15:33:00,196 [   2421]   INFO - #c.i.i.p.PluginManagerConfigurable - Marketplace tab: 'New and Updated' group load finished
2025-12-08 15:33:00,196 [   2421]   INFO - #c.i.i.p.PluginManagerConfigurable - Marketplace tab: 'Top Downloads' group load started
2025-12-08 15:33:00,279 [   2504]   INFO - #c.i.o.a.i.NonBlockingReadActionImpl - OTel monitoring for NonBlockingReadAction is enabled
2025-12-08 15:33:00,516 [   2741]   INFO - #c.i.i.p.PluginManagerConfigurable - Marketplace tab: 'Top Downloads' group load finished
2025-12-08 15:33:00,516 [   2741]   INFO - #c.i.i.p.PluginManagerConfigurable - Marketplace tab: 'Top Rated' group load started
2025-12-08 15:33:00,808 [   3033]   INFO - #c.i.i.p.PluginManagerConfigurable - Marketplace tab: 'Top Rated' group load finished
2025-12-08 15:33:01,629 [   3854]   WARN - JetBrains UI DSL - Row should not be empty
2025-12-08 15:33:01,783 [   4008]   INFO - #c.i.r.OsRegistryConfigProvider - Looking for 'lobbyServerUrl' value in [/Library/Application Support/JetBrains/CodeWithMe/lobbyServerUrl, /Library/Application Support/JetBrains/CodeWithMe/config.json, /Users/aswin-17517/Library/Application Support/JetBrains/CodeWithMe/lobbyServerUrl, /Users/aswin-17517/Library/Application Support/JetBrains/CodeWithMe/config.json]
2025-12-08 15:33:01,784 [   4009]   INFO - #c.i.r.OsRegistryConfigProvider - OS provided value for 'lobbyServerUrl' is not found
2025-12-08 15:33:01,784 [   4009]   INFO - #c.j.r.p.c.u.CodeWithMeSystemSettings - Setting default value='https://code-with-me.jetbrains.com'
2025-12-08 15:33:01,793 [   4018]   INFO - #c.i.r.OsRegistryConfigProvider - Looking for 'lobbyServerUrl' value in [/Library/Application Support/JetBrains/CodeWithMe/lobbyServerUrl, /Library/Application Support/JetBrains/CodeWithMe/config.json, /Users/aswin-17517/Library/Application Support/JetBrains/CodeWithMe/lobbyServerUrl, /Users/aswin-17517/Library/Application Support/JetBrains/CodeWithMe/config.json]
2025-12-08 15:33:01,793 [   4018]   INFO - #c.i.r.OsRegistryConfigProvider - OS provided value for 'lobbyServerUrl' is not found
2025-12-08 15:33:01,793 [   4018]   INFO - #c.j.r.p.c.u.CodeWithMeSystemSettings - Setting default value='https://code-with-me.jetbrains.com'
2025-12-08 15:33:02,547 [   4772]   WARN - #c.i.u.j.JBCefApp - JCEF is manually disabled in headless env via 'ide.browser.jcef.headless.enabled=false'
2025-12-08 15:33:02,550 [   4775]   INFO - #org.intellij.plugins.markdown.settings.MarkdownSettings - Migrating Markdown settings
2025-12-08 15:33:03,174 [   5399]   INFO - STDOUT - Found 222 configurables
2025-12-08 15:33:03,215 [   5440]   INFO - #c.i.i.p.n.PluginsGroupComponentWithProgress - Marketplace tab: loading stopped
2025-12-08 15:33:03,945 [   6170]   INFO - STDOUT - Output written to /Users/aswin-17517/Documents/IntelliJ Plugins/gitAssume/build/searchableOptions/devkit.jar!/search/devkit.jar!.searchableOptions.xml
2025-12-08 15:33:03,946 [   6171]   INFO - STDOUT - Output written to /Users/aswin-17517/Documents/IntelliJ Plugins/gitAssume/build/searchableOptions/textmate.jar/search/textmate.jar.searchableOptions.xml
2025-12-08 15:33:03,949 [   6174]   INFO - STDOUT - Output written to /Users/aswin-17517/Documents/IntelliJ Plugins/gitAssume/build/searchableOptions/markdown.jar/search/markdown.jar.searchableOptions.xml
2025-12-08 15:33:03,950 [   6175]   INFO - STDOUT - Output written to /Users/aswin-17517/Documents/IntelliJ Plugins/gitAssume/build/searchableOptions/IntelliLang.jar/search/IntelliLang.jar.searchableOptions.xml
2025-12-08 15:33:03,951 [   6176]   INFO - STDOUT - Output written to /Users/aswin-17517/Documents/IntelliJ Plugins/gitAssume/build/searchableOptions/eclipse.jar/search/eclipse.jar.searchableOptions.xml
2025-12-08 15:33:03,951 [   6176]   INFO - STDOUT - Output written to /Users/aswin-17517/Documents/IntelliJ Plugins/gitAssume/build/searchableOptions/tasks-core.jar/search/tasks-core.jar.searchableOptions.xml
2025-12-08 15:33:03,952 [   6177]   INFO - STDOUT - Output written to /Users/aswin-17517/Documents/IntelliJ Plugins/gitAssume/build/searchableOptions/sh.jar/search/sh.jar.searchableOptions.xml
2025-12-08 15:33:03,953 [   6178]   INFO - STDOUT - Output written to /Users/aswin-17517/Documents/IntelliJ Plugins/gitAssume/build/searchableOptions/java-coverage.jar/search/java-coverage.jar.searchableOptions.xml
2025-12-08 15:33:03,954 [   6179]   INFO - STDOUT - Output written to /Users/aswin-17517/Documents/IntelliJ Plugins/gitAssume/build/searchableOptions/devkit.jar/search/devkit.jar.searchableOptions.xml
2025-12-08 15:33:03,954 [   6179]   INFO - STDOUT - Output written to /Users/aswin-17517/Documents/IntelliJ Plugins/gitAssume/build/searchableOptions/java-impl.jar!/search/java-impl.jar!.searchableOptions.xml
2025-12-08 15:33:03,955 [   6180]   INFO - STDOUT - Output written to /Users/aswin-17517/Documents/IntelliJ Plugins/gitAssume/build/searchableOptions/javaFX.jar!/search/javaFX.jar!.searchableOptions.xml
2025-12-08 15:33:03,957 [   6182]   INFO - STDOUT - Output written to /Users/aswin-17517/Documents/IntelliJ Plugins/gitAssume/build/searchableOptions/searchEverywhereMl.jar/search/searchEverywhereMl.jar.searchableOptions.xml
2025-12-08 15:33:03,958 [   6183]   INFO - STDOUT - Output written to /Users/aswin-17517/Documents/IntelliJ Plugins/gitAssume/build/searchableOptions/idea-junit.jar!/search/idea-junit.jar!.searchableOptions.xml
2025-12-08 15:33:03,960 [   6185]   INFO - STDOUT - Output written to /Users/aswin-17517/Documents/IntelliJ Plugins/gitAssume/build/searchableOptions/uiDesigner.jar/search/uiDesigner.jar.searchableOptions.xml
2025-12-08 15:33:03,961 [   6186]   INFO - STDOUT - Output written to /Users/aswin-17517/Documents/IntelliJ Plugins/gitAssume/build/searchableOptions/javaFX.jar/search/javaFX.jar.searchableOptions.xml
2025-12-08 15:33:03,961 [   6186]   INFO - STDOUT - Output written to /Users/aswin-17517/Documents/IntelliJ Plugins/gitAssume/build/searchableOptions/dev.jar/search/dev.jar.searchableOptions.xml
2025-12-08 15:33:03,962 [   6187]   INFO - STDOUT - Output written to /Users/aswin-17517/Documents/IntelliJ Plugins/gitAssume/build/searchableOptions/space.jar/search/space.jar.searchableOptions.xml
2025-12-08 15:33:03,962 [   6187]   INFO - STDOUT - Output written to /Users/aswin-17517/Documents/IntelliJ Plugins/gitAssume/build/searchableOptions/cwm-plugin-terminal.jar/search/cwm-plugin-terminal.jar.searchableOptions.xml
2025-12-08 15:33:03,963 [   6188]   INFO - STDOUT - Output written to /Users/aswin-17517/Documents/IntelliJ Plugins/gitAssume/build/searchableOptions/vcs-svn.jar/search/vcs-svn.jar.searchableOptions.xml
2025-12-08 15:33:03,964 [   6189]   INFO - STDOUT - Output written to /Users/aswin-17517/Documents/IntelliJ Plugins/gitAssume/build/searchableOptions/byteCodeViewer.jar/search/byteCodeViewer.jar.searchableOptions.xml
2025-12-08 15:33:03,964 [   6189]   INFO - STDOUT - Output written to /Users/aswin-17517/Documents/IntelliJ Plugins/gitAssume/build/searchableOptions/testng-plugin.jar!/search/testng-plugin.jar!.searchableOptions.xml
2025-12-08 15:33:03,965 [   6190]   INFO - STDOUT - Output written to /Users/aswin-17517/Documents/IntelliJ Plugins/gitAssume/build/searchableOptions/android.jar!/search/android.jar!.searchableOptions.xml
2025-12-08 15:33:03,965 [   6190]   INFO - STDOUT - Output written to /Users/aswin-17517/Documents/IntelliJ Plugins/gitAssume/build/searchableOptions/marketplace.jar/search/marketplace.jar.searchableOptions.xml
2025-12-08 15:33:03,966 [   6191]   INFO - STDOUT - Output written to /Users/aswin-17517/Documents/IntelliJ Plugins/gitAssume/build/searchableOptions/maven.jar/search/maven.jar.searchableOptions.xml
2025-12-08 15:33:03,967 [   6192]   INFO - STDOUT - Output written to /Users/aswin-17517/Documents/IntelliJ Plugins/gitAssume/build/searchableOptions/copyright.jar/search/copyright.jar.searchableOptions.xml
2025-12-08 15:33:03,968 [   6193]   INFO - STDOUT - Output written to /Users/aswin-17517/Documents/IntelliJ Plugins/gitAssume/build/searchableOptions/maven.jar!/search/maven.jar!.searchableOptions.xml
2025-12-08 15:33:03,968 [   6193]   INFO - STDOUT - Output written to /Users/aswin-17517/Documents/IntelliJ Plugins/gitAssume/build/searchableOptions/instrumented-gitAssume-1.1.0.jar/search/instrumented-gitAssume-1.1.0.jar.searchableOptions.xml
2025-12-08 15:33:03,970 [   6195]   INFO - STDOUT - Output written to /Users/aswin-17517/Documents/IntelliJ Plugins/gitAssume/build/searchableOptions/Groovy.jar/search/Groovy.jar.searchableOptions.xml
2025-12-08 15:33:03,970 [   6195]   INFO - STDOUT - Output written to /Users/aswin-17517/Documents/IntelliJ Plugins/gitAssume/build/searchableOptions/gradle-java.jar/search/gradle-java.jar.searchableOptions.xml
2025-12-08 15:33:03,971 [   6196]   INFO - STDOUT - Output written to /Users/aswin-17517/Documents/IntelliJ Plugins/gitAssume/build/searchableOptions/terminal.jar/search/terminal.jar.searchableOptions.xml
2025-12-08 15:33:03,971 [   6196]   INFO - STDOUT - Output written to /Users/aswin-17517/Documents/IntelliJ Plugins/gitAssume/build/searchableOptions/antIntegration.jar/search/antIntegration.jar.searchableOptions.xml
2025-12-08 15:33:03,972 [   6197]   INFO - STDOUT - Output written to /Users/aswin-17517/Documents/IntelliJ Plugins/gitAssume/build/searchableOptions/performanceTesting-async.jar/search/performanceTesting-async.jar.searchableOptions.xml
2025-12-08 15:33:03,972 [   6197]   INFO - STDOUT - Output written to /Users/aswin-17517/Documents/IntelliJ Plugins/gitAssume/build/searchableOptions/properties.jar/search/properties.jar.searchableOptions.xml
2025-12-08 15:33:03,975 [   6200]   INFO - STDOUT - Output written to /Users/aswin-17517/Documents/IntelliJ Plugins/gitAssume/build/searchableOptions/java-impl.jar/search/java-impl.jar.searchableOptions.xml
2025-12-08 15:33:03,979 [   6204]   INFO - STDOUT - Output written to /Users/aswin-17517/Documents/IntelliJ Plugins/gitAssume/build/searchableOptions/adt-ui.jar/search/adt-ui.jar.searchableOptions.xml
2025-12-08 15:33:03,985 [   6210]   INFO - STDOUT - Output written to /Users/aswin-17517/Documents/IntelliJ Plugins/gitAssume/build/searchableOptions/app-client.jar/search/app-client.jar.searchableOptions.xml
2025-12-08 15:33:03,986 [   6211]   INFO - STDOUT - Output written to /Users/aswin-17517/Documents/IntelliJ Plugins/gitAssume/build/searchableOptions/html-tools.jar/search/html-tools.jar.searchableOptions.xml
2025-12-08 15:33:03,987 [   6212]   INFO - STDOUT - Output written to /Users/aswin-17517/Documents/IntelliJ Plugins/gitAssume/build/searchableOptions/vcs-perforce.jar/search/vcs-perforce.jar.searchableOptions.xml
2025-12-08 15:33:03,988 [   6213]   INFO - STDOUT - Output written to /Users/aswin-17517/Documents/IntelliJ Plugins/gitAssume/build/searchableOptions/java-debugger-streams.jar/search/java-debugger-streams.jar.searchableOptions.xml
2025-12-08 15:33:03,988 [   6213]   INFO - STDOUT - Output written to /Users/aswin-17517/Documents/IntelliJ Plugins/gitAssume/build/searchableOptions/gradle.jar/search/gradle.jar.searchableOptions.xml
2025-12-08 15:33:03,989 [   6214]   INFO - STDOUT - Output written to /Users/aswin-17517/Documents/IntelliJ Plugins/gitAssume/build/searchableOptions/testng-plugin.jar/search/testng-plugin.jar.searchableOptions.xml
2025-12-08 15:33:03,989 [   6214]   INFO - STDOUT - Output written to /Users/aswin-17517/Documents/IntelliJ Plugins/gitAssume/build/searchableOptions/grazie.jar/search/grazie.jar.searchableOptions.xml
2025-12-08 15:33:03,990 [   6215]   INFO - STDOUT - Output written to /Users/aswin-17517/Documents/IntelliJ Plugins/gitAssume/build/searchableOptions/qodana.jar/search/qodana.jar.searchableOptions.xml
2025-12-08 15:33:03,992 [   6217]   INFO - STDOUT - Output written to /Users/aswin-17517/Documents/IntelliJ Plugins/gitAssume/build/searchableOptions/app.jar/search/app.jar.searchableOptions.xml
2025-12-08 15:33:03,994 [   6219]   INFO - STDOUT - Output written to /Users/aswin-17517/Documents/IntelliJ Plugins/gitAssume/build/searchableOptions/android.jar/search/android.jar.searchableOptions.xml
2025-12-08 15:33:03,994 [   6219]   INFO - STDOUT - Output written to /Users/aswin-17517/Documents/IntelliJ Plugins/gitAssume/build/searchableOptions/completionMlRanking.jar/search/completionMlRanking.jar.searchableOptions.xml
2025-12-08 15:33:03,995 [   6220]   INFO - STDOUT - Output written to /Users/aswin-17517/Documents/IntelliJ Plugins/gitAssume/build/searchableOptions/java-decompiler.jar/search/java-decompiler.jar.searchableOptions.xml
2025-12-08 15:33:03,995 [   6220]   INFO - STDOUT - Output written to /Users/aswin-17517/Documents/IntelliJ Plugins/gitAssume/build/searchableOptions/vcs-hg.jar/search/vcs-hg.jar.searchableOptions.xml
2025-12-08 15:33:03,996 [   6221]   INFO - STDOUT - Output written to /Users/aswin-17517/Documents/IntelliJ Plugins/gitAssume/build/searchableOptions/xpath.jar/search/xpath.jar.searchableOptions.xml
2025-12-08 15:33:03,996 [   6221]   INFO - STDOUT - Output written to /Users/aswin-17517/Documents/IntelliJ Plugins/gitAssume/build/searchableOptions/performanceTesting.jar/search/performanceTesting.jar.searchableOptions.xml
2025-12-08 15:33:03,997 [   6222]   INFO - STDOUT - Output written to /Users/aswin-17517/Documents/IntelliJ Plugins/gitAssume/build/searchableOptions/vcs-gitlab.jar/search/vcs-gitlab.jar.searchableOptions.xml
2025-12-08 15:33:03,998 [   6223]   INFO - STDOUT - Output written to /Users/aswin-17517/Documents/IntelliJ Plugins/gitAssume/build/searchableOptions/cwm-common.jar/search/cwm-common.jar.searchableOptions.xml
2025-12-08 15:33:03,998 [   6223]   INFO - STDOUT - Output written to /Users/aswin-17517/Documents/IntelliJ Plugins/gitAssume/build/searchableOptions/java-i18n.jar/search/java-i18n.jar.searchableOptions.xml
2025-12-08 15:33:03,999 [   6224]   INFO - STDOUT - Output written to /Users/aswin-17517/Documents/IntelliJ Plugins/gitAssume/build/searchableOptions/Groovy.jar!/search/Groovy.jar!.searchableOptions.xml
2025-12-08 15:33:04,000 [   6225]   INFO - STDOUT - Output written to /Users/aswin-17517/Documents/IntelliJ Plugins/gitAssume/build/searchableOptions/emojipicker.jar/search/emojipicker.jar.searchableOptions.xml
2025-12-08 15:33:04,000 [   6225]   INFO - STDOUT - Output written to /Users/aswin-17517/Documents/IntelliJ Plugins/gitAssume/build/searchableOptions/toml.jar/search/toml.jar.searchableOptions.xml
2025-12-08 15:33:04,001 [   6226]   INFO - STDOUT - Output written to /Users/aswin-17517/Documents/IntelliJ Plugins/gitAssume/build/searchableOptions/idea-junit.jar/search/idea-junit.jar.searchableOptions.xml
2025-12-08 15:33:04,002 [   6227]   INFO - STDOUT - Output written to /Users/aswin-17517/Documents/IntelliJ Plugins/gitAssume/build/searchableOptions/yaml.jar/search/yaml.jar.searchableOptions.xml
2025-12-08 15:33:04,002 [   6227]   INFO - STDOUT - Output written to /Users/aswin-17517/Documents/IntelliJ Plugins/gitAssume/build/searchableOptions/packageChecker.jar/search/packageChecker.jar.searchableOptions.xml
2025-12-08 15:33:04,003 [   6228]   INFO - STDOUT - Output written to /Users/aswin-17517/Documents/IntelliJ Plugins/gitAssume/build/searchableOptions/platform-tracing-ide.jar/search/platform-tracing-ide.jar.searchableOptions.xml
2025-12-08 15:33:04,003 [   6228]   INFO - STDOUT - Output written to /Users/aswin-17517/Documents/IntelliJ Plugins/gitAssume/build/searchableOptions/editorconfig.jar/search/editorconfig.jar.searchableOptions.xml
2025-12-08 15:33:04,004 [   6229]   INFO - STDOUT - Output written to /Users/aswin-17517/Documents/IntelliJ Plugins/gitAssume/build/searchableOptions/vcs-github.jar/search/vcs-github.jar.searchableOptions.xml
2025-12-08 15:33:04,005 [   6230]   INFO - STDOUT - Output written to /Users/aswin-17517/Documents/IntelliJ Plugins/gitAssume/build/searchableOptions/platform-langInjection.jar/search/platform-langInjection.jar.searchableOptions.xml
2025-12-08 15:33:04,005 [   6230]   INFO - STDOUT - Output written to /Users/aswin-17517/Documents/IntelliJ Plugins/gitAssume/build/searchableOptions/platform-images.jar/search/platform-images.jar.searchableOptions.xml
2025-12-08 15:33:04,006 [   6231]   INFO - STDOUT - Output written to /Users/aswin-17517/Documents/IntelliJ Plugins/gitAssume/build/searchableOptions/vcs-git.jar/search/vcs-git.jar.searchableOptions.xml
2025-12-08 15:33:04,007 [   6232]   INFO - STDOUT - Output written to /Users/aswin-17517/Documents/IntelliJ Plugins/gitAssume/build/searchableOptions/kotlin-plugin.jar/search/kotlin-plugin.jar.searchableOptions.xml
2025-12-08 15:33:04,008 [   6233]   INFO - STDOUT - Output written to /Users/aswin-17517/Documents/IntelliJ Plugins/gitAssume/build/searchableOptions/modules.jar/search/modules.jar.searchableOptions.xml
2025-12-08 15:33:04,008 [   6233]   INFO - STDOUT - Output written to /Users/aswin-17517/Documents/IntelliJ Plugins/gitAssume/build/searchableOptions/indexing-shared.jar/search/indexing-shared.jar.searchableOptions.xml
2025-12-08 15:33:04,009 [   6234]   INFO - STDOUT - Output written to /Users/aswin-17517/Documents/IntelliJ Plugins/gitAssume/build/searchableOptions/featuresTrainer.jar/search/featuresTrainer.jar.searchableOptions.xml
2025-12-08 15:33:04,009 [   6234]   INFO - STDOUT - Output written to /Users/aswin-17517/Documents/IntelliJ Plugins/gitAssume/build/searchableOptions/design-tools.jar/search/design-tools.jar.searchableOptions.xml
2025-12-08 15:33:04,010 [   6235]   INFO - STDOUT - Output written to /Users/aswin-17517/Documents/IntelliJ Plugins/gitAssume/build/searchableOptions/kotlin-plugin.jar!/search/kotlin-plugin.jar!.searchableOptions.xml
2025-12-08 15:33:04,010 [   6235]   INFO - STDOUT - Output written to /Users/aswin-17517/Documents/IntelliJ Plugins/gitAssume/build/searchableOptions/cwm-host.jar/search/cwm-host.jar.searchableOptions.xml
2025-12-08 15:33:04,011 [   6236]   INFO - STDOUT - Output written to /Users/aswin-17517/Documents/IntelliJ Plugins/gitAssume/build/searchableOptions/gradle-java-maven.jar/search/gradle-java-maven.jar.searchableOptions.xml
2025-12-08 15:33:04,011 [   6236]   INFO - STDOUT - Output written to /Users/aswin-17517/Documents/IntelliJ Plugins/gitAssume/build/searchableOptions/settingsSync.jar/search/settingsSync.jar.searchableOptions.xml
2025-12-08 15:33:04,012 [   6237]   INFO - STDOUT - Searchable options index builder completed
2025-12-08 15:33:04,027 [   6252]   INFO - #o.j.i.BuiltInServer - web server stopped
2025-12-08 15:33:04,031 [   6256]   INFO - #c.j.r.p.c.p.w.s.WireStorage - Terminate Wire Storage lifetime
2025-12-08 15:33:04,031 [   6256]   INFO - #c.i.o.f.i.FileTypeDetectionService - 0 auto-detected files. Detection took 0 ms
2025-12-08 15:33:04,032 [   6257]   INFO - #c.i.u.i.FileBasedIndexImpl - Index dispose started
2025-12-08 15:33:04,045 [   6270]   INFO - #c.i.p.s.StubIndexImpl - StubIndexExtension-s were unloaded
2025-12-08 15:33:04,045 [   6270]   INFO - #c.i.p.s.SerializationManagerImpl - Start shutting down /Users/aswin-17517/Documents/IntelliJ Plugins/gitAssume/build/idea-sandbox/system/index/rep.names
2025-12-08 15:33:04,045 [   6270]   INFO - #c.i.p.s.SerializationManagerImpl - Finished shutting down /Users/aswin-17517/Documents/IntelliJ Plugins/gitAssume/build/idea-sandbox/system/index/rep.names
2025-12-08 15:33:04,046 [   6271]   INFO - #c.i.u.i.FileBasedIndexImpl - Index dispose completed in 14ms.
2025-12-08 15:33:04,166 [   6391]   INFO - #c.i.o.v.n.p.PersistentFSImpl - VFS dispose started
2025-12-08 15:33:04,167 [   6392]   INFO - #c.i.o.v.n.p.PersistentFSImpl - VFS dispose completed in 1ms.
2025-12-08 15:33:04,190 [   6415]   INFO - #c.i.i.AppStarter - ------------------------------------------------------ IDE SHUTDOWN ------------------------------------------------------
